<?xml version="1.0" encoding="UTF-8"?>
<!-- Generated by org.testng.reporters.JUnitReportReporter -->
<testsuite skipped="0" hostname="DESKTOP-F7U0S8P" name="runners.MiniCaseStudyRunner" tests="4" failures="0" timestamp="2023-03-16T15:23:16 IST" time="177.461" errors="0">
  <testcase name="runScenario" time="0.926" classname="runners.MiniCaseStudyRunner"/>
  <system-out/>
  <testcase name="runScenario" time="127.464" classname="runners.MiniCaseStudyRunner"/>
  <system-out/>
  <testcase name="runScenario" time="34.216" classname="runners.MiniCaseStudyRunner"/>
  <system-out/>
  <testcase name="runScenario" time="14.855" classname="runners.MiniCaseStudyRunner"/>
  <system-out/>
</testsuite> <!-- runners.MiniCaseStudyRunner -->
