<?xml version="1.0" encoding="UTF-8"?>
<!-- Generated by org.testng.reporters.JUnitReportReporter -->
<testsuite skipped="0" hostname="DESKTOP-F7U0S8P" name="runners.MiniCaseStudyRunner" tests="4" failures="0" timestamp="2023-03-16T12:38:18 IST" time="181.995" errors="0">
  <testcase name="runScenario" time="131.751" classname="runners.MiniCaseStudyRunner"/>
  <system-out/>
  <testcase name="runScenario" time="38.726" classname="runners.MiniCaseStudyRunner"/>
  <system-out/>
  <testcase name="runScenario" time="1.780" classname="runners.MiniCaseStudyRunner"/>
  <system-out/>
  <testcase name="runScenario" time="9.738" classname="runners.MiniCaseStudyRunner"/>
  <system-out/>
</testsuite> <!-- runners.MiniCaseStudyRunner -->
